<?xml version="1.0" encoding="UTF-8"?>
<!-- Generated by org.testng.reporters.JUnitReportReporter -->
<testsuite name="com.test.automation.uiAutomation.homepage.TC002_VerifyLoginWithValidCredentials" tests="1" time="32.960" ignored="0" failures="0" timestamp="18 Jan 2018 18:22:14 GMT" skipped="0" hostname="Home_PC" errors="0">
  <testcase name="verifyLoginWithValidCredentials" time="32.960" classname="com.test.automation.uiAutomation.homepage.TC002_VerifyLoginWithValidCredentials"/>
</testsuite> <!-- com.test.automation.uiAutomation.homepage.TC002_VerifyLoginWithValidCredentials -->
