<?xml version="1.0" encoding="UTF-8"?>
<!-- Generated by org.testng.reporters.JUnitReportReporter -->
<testsuite name="com.test.automation.uiAutomation.homepage.TC003_VerifyLoginWithDifferentRecords" tests="5" time="174.000" ignored="0" failures="0" timestamp="18 Jan 2018 01:42:07 GMT" skipped="0" hostname="Home_PC" errors="0">
  <testcase name="testLogin" time="34.517" classname="com.test.automation.uiAutomation.homepage.TC003_VerifyLoginWithDifferentRecords"/>
  <testcase name="testLogin" time="34.042" classname="com.test.automation.uiAutomation.homepage.TC003_VerifyLoginWithDifferentRecords"/>
  <testcase name="testLogin" time="34.733" classname="com.test.automation.uiAutomation.homepage.TC003_VerifyLoginWithDifferentRecords"/>
  <testcase name="testLogin" time="34.659" classname="com.test.automation.uiAutomation.homepage.TC003_VerifyLoginWithDifferentRecords"/>
  <testcase name="testLogin" time="36.049" classname="com.test.automation.uiAutomation.homepage.TC003_VerifyLoginWithDifferentRecords"/>
</testsuite> <!-- com.test.automation.uiAutomation.homepage.TC003_VerifyLoginWithDifferentRecords -->
